##############################
Log started on 24/03/2025 12:01:33

##############################
Log started on 24/03/2025 12:05:38

24/03/2025 12:06:17: 127.0.0.1: Owner 0x39E "FDDSDASAD" ('Kerry') used command 'placehuegrid '
##############################
Log started on 24/03/2025 14:50:14

##############################
Log started on 24/03/2025 15:44:18

##############################
Log started on 24/03/2025 15:45:17

##############################
Log started on 24/03/2025 16:56:22

##############################
Log started on 24/03/2025 17:12:02

##############################
Log started on 24/03/2025 17:15:32

##############################
Log started on 24/03/2025 17:16:25

##############################
Log started on 24/03/2025 18:19:30

24/03/2025 18:20:15: 127.0.0.1: Owner 0x39E "FDDSDASAD" ('Kerry') used command 'props '
24/03/2025 18:20:28: 127.0.0.1: Owner 0x39E "FDDSDASAD" ('Kerry') set property 'HitPoints' of 0x40000F00 (Dagger) to '20'
