##############################
Log started on 07/04/2025 10:30:49

##############################
Log started on 07/04/2025 10:35:53

07/04/2025 10:36:35: 127.0.0.1: Owner 0x39E "FDDSDASAD" ('Kerry') used command 'add brazirTall'
07/04/2025 10:36:42: 127.0.0.1: Owner 0x39E "FDDSDASAD" ('Kerry') building at (2516, 585, 0) in Felucca: "BrazierTall"
07/04/2025 10:36:42: 127.0.0.1: Serials: 0x40001080; 
07/04/2025 10:36:43: 127.0.0.1: Owner 0x39E "FDDSDASAD" ('Kerry') used command 'props '
07/04/2025 10:36:49: 127.0.0.1: Owner 0x39E "FDDSDASAD" ('Kerry') used command 'props '
##############################
Log started on 07/04/2025 10:39:16

##############################
Log started on 07/04/2025 11:06:09

##############################
Log started on 07/04/2025 11:14:45

##############################
Log started on 07/04/2025 11:27:02

##############################
Log started on 07/04/2025 11:33:36

07/04/2025 12:46:11: 127.0.0.1: Crafting 0x4001A44B (BrazierTall) with craft system DefClassictTinkering
##############################
Log started on 07/04/2025 13:03:13

##############################
Log started on 07/04/2025 13:18:56

##############################
Log started on 07/04/2025 13:33:07

##############################
Log started on 07/04/2025 13:56:08

##############################
Log started on 07/04/2025 14:12:00

##############################
Log started on 07/04/2025 14:13:23

07/04/2025 14:20:58: 127.0.0.1: Owner 0x39E "FDDSDASAD" ('Kerry') used command 'ADD dECORATIVEaXEnORTH'
07/04/2025 14:20:59: 127.0.0.1: Owner 0x39E "FDDSDASAD" ('Kerry') building at (2516, 585, 0) in Felucca: "dECORATIVEaXEnORTH"
07/04/2025 14:20:59: 127.0.0.1: Serials: 0x400011EE; 
##############################
Log started on 07/04/2025 18:16:11

07/04/2025 18:16:36: 127.0.0.1: Crafting 0x40001117 (DecorativeAxeNorth) with craft system DefClassictTinkering
07/04/2025 18:17:01: 127.0.0.1: Owner 0x39E "FDDSDASAD" ('Kerry') used command 'props '
07/04/2025 18:17:26: 127.0.0.1: Owner 0x39E "FDDSDASAD" ('Kerry') set property 'Movable' of 0x40001117 (DecorativeAxeNorth) to 'True'
##############################
Log started on 07/04/2025 18:33:46

##############################
Log started on 07/04/2025 18:38:38

##############################
Log started on 07/04/2025 18:51:20

##############################
Log started on 07/04/2025 18:56:18

##############################
Log started on 07/04/2025 19:00:17

##############################
Log started on 07/04/2025 19:07:44

##############################
Log started on 07/04/2025 19:28:02

07/04/2025 19:28:42: 127.0.0.1: Crafting 0x400010C9 (DecorativeDAxeNorth) with craft system DefClassictTinkering
07/04/2025 19:28:51: 127.0.0.1: Crafting 0x40001111 (DecorativeSwordNorth) with craft system DefClassictTinkering
##############################
Log started on 07/04/2025 19:30:20

##############################
Log started on 07/04/2025 19:33:24

##############################
Log started on 07/04/2025 19:36:10

##############################
Log started on 07/04/2025 19:43:48

##############################
Log started on 07/04/2025 19:45:37

##############################
Log started on 07/04/2025 19:48:24

##############################
Log started on 07/04/2025 19:54:44

##############################
Log started on 07/04/2025 19:54:51

##############################
Log started on 07/04/2025 20:00:30

##############################
Log started on 07/04/2025 20:03:55

