##############################
Log started on 21/03/2025 10:21:18

##############################
Log started on 21/03/2025 10:26:20

##############################
Log started on 21/03/2025 10:29:01

##############################
Log started on 21/03/2025 10:32:03

##############################
Log started on 21/03/2025 10:38:38

##############################
Log started on 21/03/2025 10:42:34

##############################
Log started on 21/03/2025 10:58:58

##############################
Log started on 21/03/2025 10:59:56

##############################
Log started on 21/03/2025 11:11:11

##############################
Log started on 21/03/2025 11:15:19

##############################
Log started on 21/03/2025 11:20:40

##############################
Log started on 21/03/2025 11:37:00

##############################
Log started on 21/03/2025 11:38:16

##############################
Log started on 21/03/2025 11:42:58

##############################
Log started on 21/03/2025 12:51:47

##############################
Log started on 21/03/2025 13:11:02

##############################
Log started on 21/03/2025 13:21:05

##############################
Log started on 21/03/2025 13:22:35

##############################
Log started on 21/03/2025 13:28:45

##############################
Log started on 21/03/2025 13:30:56

##############################
Log started on 21/03/2025 13:35:10

##############################
Log started on 21/03/2025 13:37:21

##############################
Log started on 21/03/2025 13:40:24

##############################
Log started on 21/03/2025 13:53:22

##############################
Log started on 21/03/2025 13:56:09

##############################
Log started on 21/03/2025 14:05:31

##############################
Log started on 21/03/2025 14:08:11

##############################
Log started on 21/03/2025 15:08:10

##############################
Log started on 21/03/2025 15:12:16

##############################
Log started on 21/03/2025 15:29:09

##############################
Log started on 21/03/2025 15:51:36

##############################
Log started on 21/03/2025 16:08:18

##############################
Log started on 21/03/2025 16:09:30

##############################
Log started on 21/03/2025 16:18:07

##############################
Log started on 21/03/2025 16:27:29

##############################
Log started on 21/03/2025 16:33:04

##############################
Log started on 21/03/2025 16:35:18

##############################
Log started on 21/03/2025 16:39:22

##############################
Log started on 21/03/2025 16:43:02

##############################
Log started on 21/03/2025 16:47:31

##############################
Log started on 21/03/2025 16:53:11

##############################
Log started on 21/03/2025 16:59:09

21/03/2025 16:59:32: 127.0.0.1: Owner 0x39E "FDDSDASAD" ('Kerry') used command 'viewgumps '
##############################
Log started on 21/03/2025 17:02:06

21/03/2025 17:02:15: 127.0.0.1: Owner 0x39E "FDDSDASAD" ('Kerry') used command 'viewgumps '
##############################
Log started on 21/03/2025 17:04:57

21/03/2025 17:05:18: 127.0.0.1: Owner 0x39E "FDDSDASAD" ('Kerry') used command 'viewgumps '
##############################
Log started on 21/03/2025 17:22:08

##############################
Log started on 21/03/2025 17:23:23

21/03/2025 17:47:19: 127.0.0.1: Owner 0x39E "FDDSDASAD" ('Kerry') used command 'admin '
21/03/2025 17:49:17: 127.0.0.1: Owner 0x39E "FDDSDASAD" ('Kerry') used command 'props '
